Design Route Status
                                               :      # nets :
   ------------------------------------------- : ----------- :
<<<<<<< HEAD
   # of logical nets.......................... :       42834 :
       # of nets not needing routing.......... :        9684 :
           # of internally routed nets........ :        7372 :
           # of nets with no loads............ :        2312 :
       # of routable nets..................... :       33150 :
           # of fully routed nets............. :       33150 :
=======
   # of logical nets.......................... :       43022 :
       # of nets not needing routing.......... :        9280 :
           # of internally routed nets........ :        7346 :
           # of nets with no loads............ :        1934 :
       # of routable nets..................... :       33742 :
           # of fully routed nets............. :       33742 :
>>>>>>> retest
       # of nets with routing errors.......... :           0 :
   ------------------------------------------- : ----------- :

